<?xml version="1.0" encoding="UTF-8"?>
<!-- Generated by org.testng.reporters.JUnitXMLReporter -->
<testsuite ignored="0" hostname="Tanfeez" failures="0" tests="14" name="Default test" time="15.601" errors="0" timestamp="2024-10-04T18:50:53 IST">
  <testcase classname="CryptoWallet" name="testCalculateFee" time="3.356"/>
  <testcase classname="CryptoWallet" name="testCalculateFee" time="0.934"/>
  <testcase classname="CryptoWallet" name="testCalculateFee" time="0.911"/>
  <testcase classname="CryptoWallet" name="testCheckBalance" time="0.907"/>
  <testcase classname="CryptoWallet" name="testGetExchangeRates" time="0.925"/>
  <testcase classname="CryptoWallet" name="testTransferCrypto" time="1.025"/>
  <testcase classname="CryptoWallet" name="testTransferCrypto" time="0.91"/>
  <testcase classname="CryptoWallet" name="testTransferCrypto" time="0.935"/>
  <testcase classname="CryptoWallet" name="testUserLogin" time="0.917"/>
  <testcase classname="CryptoWallet" name="testUserLogin" time="0.924"/>
  <testcase classname="CryptoWallet" name="testUserLogin" time="0.961"/>
  <testcase classname="CryptoWallet" name="testUserRegistration" time="0.942"/>
  <testcase classname="CryptoWallet" name="testUserRegistration" time="0.925"/>
  <testcase classname="CryptoWallet" name="testUserRegistration" time="0.924"/>
</testsuite> <!-- Default test -->
