<?xml version="1.0" encoding="UTF-8"?>
<testng-results ignored="0" total="14" passed="14" failed="0" skipped="0">
  <reporter-output>
  </reporter-output>
  <suite started-at="2024-10-04T18:50:37 IST" name="Default suite" finished-at="2024-10-04T18:50:53 IST" duration-ms="15601">
    <groups>
    </groups>
    <test started-at="2024-10-04T18:50:37 IST" name="Default test" finished-at="2024-10-04T18:50:53 IST" duration-ms="15601">
      <class name="CryptoWallet">
        <test-method signature="testCalculateFee(java.lang.String,double)[pri:0, instance:CryptoWallet@765d7657]" started-at="2024-10-04T18:50:37 IST" name="testCalculateFee" data-provider="feeData" finished-at="2024-10-04T18:50:41 IST" duration-ms="3356" status="PASS">
          <params>
            <param index="0">
              <value>
                <![CDATA[BTC]]>
              </value>
            </param>
            <param index="1">
              <value>
                <![CDATA[50.0]]>
              </value>
            </param>
          </params>
          <reporter-output>
          </reporter-output>
        </test-method> <!-- testCalculateFee -->
        <test-method signature="testCalculateFee(java.lang.String,double)[pri:0, instance:CryptoWallet@765d7657]" started-at="2024-10-04T18:50:41 IST" name="testCalculateFee" data-provider="feeData" finished-at="2024-10-04T18:50:42 IST" duration-ms="934" status="PASS">
          <params>
            <param index="0">
              <value>
                <![CDATA[ETH]]>
              </value>
            </param>
            <param index="1">
              <value>
                <![CDATA[100.0]]>
              </value>
            </param>
          </params>
          <reporter-output>
          </reporter-output>
        </test-method> <!-- testCalculateFee -->
        <test-method signature="testCalculateFee(java.lang.String,double)[pri:0, instance:CryptoWallet@765d7657]" started-at="2024-10-04T18:50:42 IST" name="testCalculateFee" data-provider="feeData" finished-at="2024-10-04T18:50:43 IST" duration-ms="911" status="PASS">
          <params>
            <param index="0">
              <value>
                <![CDATA[LTC]]>
              </value>
            </param>
            <param index="1">
              <value>
                <![CDATA[150.0]]>
              </value>
            </param>
          </params>
          <reporter-output>
          </reporter-output>
        </test-method> <!-- testCalculateFee -->
        <test-method signature="testCheckBalance()[pri:0, instance:CryptoWallet@765d7657]" started-at="2024-10-04T18:50:43 IST" name="testCheckBalance" finished-at="2024-10-04T18:50:44 IST" duration-ms="907" status="PASS">
          <reporter-output>
          </reporter-output>
        </test-method> <!-- testCheckBalance -->
        <test-method signature="testGetExchangeRates()[pri:0, instance:CryptoWallet@765d7657]" started-at="2024-10-04T18:50:44 IST" name="testGetExchangeRates" finished-at="2024-10-04T18:50:44 IST" duration-ms="925" status="PASS">
          <reporter-output>
          </reporter-output>
        </test-method> <!-- testGetExchangeRates -->
        <test-method signature="testTransferCrypto(java.lang.String,java.lang.String,double)[pri:0, instance:CryptoWallet@765d7657]" started-at="2024-10-04T18:50:44 IST" name="testTransferCrypto" data-provider="transferData" finished-at="2024-10-04T18:50:46 IST" duration-ms="1025" status="PASS">
          <params>
            <param index="0">
              <value>
                <![CDATA[sampleToken]]>
              </value>
            </param>
            <param index="1">
              <value>
                <![CDATA[walletAddress123]]>
              </value>
            </param>
            <param index="2">
              <value>
                <![CDATA[50.0]]>
              </value>
            </param>
          </params>
          <reporter-output>
          </reporter-output>
        </test-method> <!-- testTransferCrypto -->
        <test-method signature="testTransferCrypto(java.lang.String,java.lang.String,double)[pri:0, instance:CryptoWallet@765d7657]" started-at="2024-10-04T18:50:46 IST" name="testTransferCrypto" data-provider="transferData" finished-at="2024-10-04T18:50:46 IST" duration-ms="910" status="PASS">
          <params>
            <param index="0">
              <value>
                <![CDATA[sampleToken]]>
              </value>
            </param>
            <param index="1">
              <value>
                <![CDATA[walletAddress456]]>
              </value>
            </param>
            <param index="2">
              <value>
                <![CDATA[100.0]]>
              </value>
            </param>
          </params>
          <reporter-output>
          </reporter-output>
        </test-method> <!-- testTransferCrypto -->
        <test-method signature="testTransferCrypto(java.lang.String,java.lang.String,double)[pri:0, instance:CryptoWallet@765d7657]" started-at="2024-10-04T18:50:46 IST" name="testTransferCrypto" data-provider="transferData" finished-at="2024-10-04T18:50:47 IST" duration-ms="935" status="PASS">
          <params>
            <param index="0">
              <value>
                <![CDATA[sampleToken]]>
              </value>
            </param>
            <param index="1">
              <value>
                <![CDATA[walletAddress789]]>
              </value>
            </param>
            <param index="2">
              <value>
                <![CDATA[150.0]]>
              </value>
            </param>
          </params>
          <reporter-output>
          </reporter-output>
        </test-method> <!-- testTransferCrypto -->
        <test-method signature="testUserLogin(java.lang.String,java.lang.String)[pri:0, instance:CryptoWallet@765d7657]" started-at="2024-10-04T18:50:47 IST" name="testUserLogin" data-provider="loginData" finished-at="2024-10-04T18:50:48 IST" duration-ms="917" status="PASS">
          <params>
            <param index="0">
              <value>
                <![CDATA[user1]]>
              </value>
            </param>
            <param index="1">
              <value>
                <![CDATA[pass123]]>
              </value>
            </param>
          </params>
          <reporter-output>
          </reporter-output>
        </test-method> <!-- testUserLogin -->
        <test-method signature="testUserLogin(java.lang.String,java.lang.String)[pri:0, instance:CryptoWallet@765d7657]" started-at="2024-10-04T18:50:48 IST" name="testUserLogin" data-provider="loginData" finished-at="2024-10-04T18:50:49 IST" duration-ms="924" status="PASS">
          <params>
            <param index="0">
              <value>
                <![CDATA[user2]]>
              </value>
            </param>
            <param index="1">
              <value>
                <![CDATA[pass123]]>
              </value>
            </param>
          </params>
          <reporter-output>
          </reporter-output>
        </test-method> <!-- testUserLogin -->
        <test-method signature="testUserLogin(java.lang.String,java.lang.String)[pri:0, instance:CryptoWallet@765d7657]" started-at="2024-10-04T18:50:49 IST" name="testUserLogin" data-provider="loginData" finished-at="2024-10-04T18:50:50 IST" duration-ms="961" status="PASS">
          <params>
            <param index="0">
              <value>
                <![CDATA[user3]]>
              </value>
            </param>
            <param index="1">
              <value>
                <![CDATA[pass123]]>
              </value>
            </param>
          </params>
          <reporter-output>
          </reporter-output>
        </test-method> <!-- testUserLogin -->
        <test-method signature="testUserRegistration(java.lang.String,java.lang.String,java.lang.String)[pri:0, instance:CryptoWallet@765d7657]" started-at="2024-10-04T18:50:50 IST" name="testUserRegistration" data-provider="registerData" finished-at="2024-10-04T18:50:51 IST" duration-ms="942" status="PASS">
          <params>
            <param index="0">
              <value>
                <![CDATA[user1]]>
              </value>
            </param>
            <param index="1">
              <value>
                <![CDATA[pass123]]>
              </value>
            </param>
            <param index="2">
              <value>
                <![CDATA[user1@example.com]]>
              </value>
            </param>
          </params>
          <reporter-output>
          </reporter-output>
        </test-method> <!-- testUserRegistration -->
        <test-method signature="testUserRegistration(java.lang.String,java.lang.String,java.lang.String)[pri:0, instance:CryptoWallet@765d7657]" started-at="2024-10-04T18:50:51 IST" name="testUserRegistration" data-provider="registerData" finished-at="2024-10-04T18:50:52 IST" duration-ms="925" status="PASS">
          <params>
            <param index="0">
              <value>
                <![CDATA[user2]]>
              </value>
            </param>
            <param index="1">
              <value>
                <![CDATA[pass123]]>
              </value>
            </param>
            <param index="2">
              <value>
                <![CDATA[user2@example.com]]>
              </value>
            </param>
          </params>
          <reporter-output>
          </reporter-output>
        </test-method> <!-- testUserRegistration -->
        <test-method signature="testUserRegistration(java.lang.String,java.lang.String,java.lang.String)[pri:0, instance:CryptoWallet@765d7657]" started-at="2024-10-04T18:50:52 IST" name="testUserRegistration" data-provider="registerData" finished-at="2024-10-04T18:50:53 IST" duration-ms="924" status="PASS">
          <params>
            <param index="0">
              <value>
                <![CDATA[user3]]>
              </value>
            </param>
            <param index="1">
              <value>
                <![CDATA[pass123]]>
              </value>
            </param>
            <param index="2">
              <value>
                <![CDATA[user3@example.com]]>
              </value>
            </param>
          </params>
          <reporter-output>
          </reporter-output>
        </test-method> <!-- testUserRegistration -->
      </class> <!-- CryptoWallet -->
    </test> <!-- Default test -->
  </suite> <!-- Default suite -->
</testng-results>
